[GIN-debug] [WARNING] Creating an Engine instance with the Logger and Recovery middleware already attached.

[GIN-debug] [WARNING] Running in "debug" mode. Switch to "release" mode in production.
 - using env:	export GIN_MODE=release
 - using code:	gin.SetMode(gin.ReleaseMode)

[GIN-debug] GET    /api/                     --> main.main.func5 (9 handlers)
[GIN-debug] POST   /api/auth/login           --> next/controllers.(*AuthController).Login-fm (9 handlers)
[GIN-debug] POST   /api/auth/register        --> next/controllers.(*AuthController).Register-fm (9 handlers)
[GIN-debug] POST   /api/auth/refresh-token   --> next/controllers.(*AuthController).RefreshToken-fm (9 handlers)
[GIN-debug] GET    /api/user/                --> next/controllers.(*UserController).Get-fm (10 handlers)
[GIN-debug] GET    /socket.io/               --> github.com/gin-gonic/gin.WrapH.func1 (9 handlers)
[GIN-debug] POST   /socket.io/*any           --> github.com/gin-gonic/gin.WrapH.func1 (9 handlers)
[GIN-debug] [WARNING] You trusted all proxies, this is NOT safe. We recommend you to set a value.
Please check https://pkg.go.dev/github.com/gin-gonic/gin#readme-don-t-trust-all-proxies for details.
[GIN-debug] Listening and serving HTTP on :8080
[GIN] 2022/04/24 - 01:39:21 | 304 |      1.0004ms |             ::1 | GET      "/"
[GIN] 2022/04/24 - 01:39:21 | 200 |    2.3962268s |       127.0.0.1 | GET      "/socket.io/?EIO=3&transport=websocket"
[GIN] 2022/04/24 - 01:39:21 | 200 |    2.3962268s |       127.0.0.1 | GET      "/socket.io/?EIO=3&transport=websocket"
[GIN] 2022/04/24 - 01:39:21 | 200 |     74.3474ms |             ::1 | GET      "/main.js"
[GIN] 2022/04/24 - 01:39:22 | 304 |            0s |             ::1 | GET      "/"
[GIN] 2022/04/24 - 01:39:22 | 200 |    702.5766ms |             ::1 | GET      "/socket.io/?EIO=3&transport=websocket"
[GIN] 2022/04/24 - 01:39:22 | 200 |    703.5754ms |             ::1 | GET      "/socket.io/?EIO=3&transport=websocket"
[GIN] 2022/04/24 - 01:39:44 | 200 |       519.5µs |             ::1 | GET      "/"
[GIN] 2022/04/24 - 01:39:45 | 200 |       926.4µs |             ::1 | GET      "/"
[GIN] 2022/04/24 - 01:39:49 | 200 |     73.8632ms |             ::1 | POST     "/api/auth/login"
[GIN] 2022/04/24 - 01:39:49 | 200 |     74.2468ms |             ::1 | POST     "/api/auth/login"
[GIN-debug] [WARNING] Headers were already written. Wanted to override status code 403 with 502
[GIN] 2022/04/24 - 01:40:32 | 502 |       577.2µs |             ::1 | GET      "/socket.io/?EIO=3&transport=websocket"
[GIN] 2022/04/24 - 01:40:32 | 502 |      2.3773ms |             ::1 | GET      "/socket.io/?EIO=3&transport=websocket"
[GIN-debug] [WARNING] Headers were already written. Wanted to override status code 403 with 502
[GIN] 2022/04/24 - 01:40:34 | 502 |            0s |             ::1 | GET      "/socket.io/?EIO=3&transport=websocket"
[GIN] 2022/04/24 - 01:40:34 | 502 |       507.4µs |             ::1 | GET      "/socket.io/?EIO=3&transport=websocket"
[GIN-debug] [WARNING] Headers were already written. Wanted to override status code 403 with 502
[GIN] 2022/04/24 - 01:40:35 | 502 |            0s |             ::1 | GET      "/socket.io/?EIO=3&transport=websocket"
[GIN] 2022/04/24 - 01:40:35 | 502 |      1.0784ms |             ::1 | GET      "/socket.io/?EIO=3&transport=websocket"
[GIN-debug] [WARNING] Headers were already written. Wanted to override status code 403 with 502
[GIN] 2022/04/24 - 01:40:36 | 502 |            0s |             ::1 | GET      "/socket.io/?EIO=3&transport=websocket"
[GIN] 2022/04/24 - 01:40:36 | 502 |       512.6µs |             ::1 | GET      "/socket.io/?EIO=3&transport=websocket"
[GIN-debug] [WARNING] Headers were already written. Wanted to override status code 403 with 502
[GIN] 2022/04/24 - 01:40:38 | 502 |            0s |             ::1 | GET      "/socket.io/?EIO=3&transport=websocket"
[GIN] 2022/04/24 - 01:40:38 | 502 |       507.4µs |             ::1 | GET      "/socket.io/?EIO=3&transport=websocket"
[GIN-debug] [WARNING] Headers were already written. Wanted to override status code 403 with 502
[GIN] 2022/04/24 - 01:40:39 | 502 |            0s |             ::1 | GET      "/socket.io/?EIO=3&transport=websocket"
[GIN] 2022/04/24 - 01:40:39 | 502 |       507.9µs |             ::1 | GET      "/socket.io/?EIO=3&transport=websocket"
[GIN-debug] [WARNING] Headers were already written. Wanted to override status code 403 with 502
[GIN] 2022/04/24 - 01:40:44 | 502 |         509µs |             ::1 | GET      "/socket.io/?EIO=3&transport=websocket"
[GIN] 2022/04/24 - 01:40:44 | 502 |        1.04ms |             ::1 | GET      "/socket.io/?EIO=3&transport=websocket"
[GIN-debug] [WARNING] Headers were already written. Wanted to override status code 403 with 502
[GIN] 2022/04/24 - 01:40:49 | 502 |            0s |             ::1 | GET      "/socket.io/?EIO=3&transport=websocket"
[GIN] 2022/04/24 - 01:40:49 | 502 |       508.8µs |             ::1 | GET      "/socket.io/?EIO=3&transport=websocket"
[GIN-debug] [WARNING] Headers were already written. Wanted to override status code 403 with 502
[GIN] 2022/04/24 - 01:40:54 | 502 |       626.9µs |             ::1 | GET      "/socket.io/?EIO=3&transport=websocket"
[GIN] 2022/04/24 - 01:40:54 | 502 |      3.3849ms |             ::1 | GET      "/socket.io/?EIO=3&transport=websocket"
[GIN-debug] [WARNING] Headers were already written. Wanted to override status code 403 with 502
[GIN] 2022/04/24 - 01:40:59 | 502 |            0s |             ::1 | GET      "/socket.io/?EIO=3&transport=websocket"
[GIN] 2022/04/24 - 01:40:59 | 502 |      1.0558ms |             ::1 | GET      "/socket.io/?EIO=3&transport=websocket"
[GIN-debug] [WARNING] Headers were already written. Wanted to override status code 403 with 502
[GIN] 2022/04/24 - 01:41:04 | 502 |       609.9µs |             ::1 | GET      "/socket.io/?EIO=3&transport=websocket"
[GIN] 2022/04/24 - 01:41:04 | 502 |       1.214ms |             ::1 | GET      "/socket.io/?EIO=3&transport=websocket"
[GIN-debug] [WARNING] Headers were already written. Wanted to override status code 403 with 502
[GIN] 2022/04/24 - 01:41:09 | 502 |            0s |             ::1 | GET      "/socket.io/?EIO=3&transport=websocket"
[GIN] 2022/04/24 - 01:41:09 | 502 |      2.3076ms |             ::1 | GET      "/socket.io/?EIO=3&transport=websocket"
[GIN-debug] [WARNING] Headers were already written. Wanted to override status code 403 with 502
[GIN] 2022/04/24 - 01:41:14 | 502 |       574.1µs |             ::1 | GET      "/socket.io/?EIO=3&transport=websocket"
[GIN] 2022/04/24 - 01:41:14 | 502 |      1.1613ms |             ::1 | GET      "/socket.io/?EIO=3&transport=websocket"
[GIN-debug] [WARNING] Headers were already written. Wanted to override status code 403 with 502
[GIN] 2022/04/24 - 01:41:18 | 502 |            0s |             ::1 | GET      "/socket.io/?EIO=3&transport=websocket"
[GIN] 2022/04/24 - 01:41:18 | 502 |       508.5µs |             ::1 | GET      "/socket.io/?EIO=3&transport=websocket"
[GIN-debug] [WARNING] Headers were already written. Wanted to override status code 403 with 502
[GIN] 2022/04/24 - 01:41:21 | 502 |       509.5µs |             ::1 | GET      "/socket.io/?EIO=3&transport=websocket"
[GIN] 2022/04/24 - 01:41:21 | 502 |       509.5µs |             ::1 | GET      "/socket.io/?EIO=3&transport=websocket"
[GIN-debug] [WARNING] Headers were already written. Wanted to override status code 403 with 502
[GIN] 2022/04/24 - 01:41:24 | 502 |      3.9943ms |             ::1 | GET      "/socket.io/?EIO=3&transport=websocket"
[GIN] 2022/04/24 - 01:41:24 | 502 |      4.9944ms |             ::1 | GET      "/socket.io/?EIO=3&transport=websocket"
[GIN-debug] [WARNING] Headers were already written. Wanted to override status code 403 with 502
[GIN] 2022/04/24 - 01:41:32 | 502 |      1.1915ms |             ::1 | GET      "/socket.io/?EIO=3&transport=websocket"
[GIN] 2022/04/24 - 01:41:32 | 502 |      2.9781ms |             ::1 | GET      "/socket.io/?EIO=3&transport=websocket"
[GIN-debug] [WARNING] Headers were already written. Wanted to override status code 403 with 502
[GIN] 2022/04/24 - 01:41:41 | 502 |            0s |             ::1 | GET      "/socket.io/?EIO=3&transport=websocket"
[GIN] 2022/04/24 - 01:41:41 | 502 |         506µs |             ::1 | GET      "/socket.io/?EIO=3&transport=websocket"
